Сборка начата 17.12.2024 8:54:16.
Уровень детализации журнала: Normal.     1>Проект "D:\Денис\3 сем\КПО\MDA-2024\Assembler\Assembler.vcxproj" в узле 2 (целевые объекты Build).
     1>PrepareForBuild:
         Структурированный вывод включен. Форматирование диагностики компилятора будет отражать иерархию ошибок. Подробнее см. https://aka.ms/cpp/structured-output.
       InitializeBuildStatus:
         Создание "Debug\Assembler.tlog\unsuccessfulbuild", так как было задано "AlwaysCreate".
         Обращение к "Debug\Assembler.tlog\unsuccessfulbuild".
       _MASM:
         Assembling out.asm...
         cmd.exe /C "C:\Users\Денис Мамонько\AppData\Local\Temp\tmpfc9d89a51e5e43c5943694a16c41692f.cmd"
         ml.exe /c /nologo /Zi /Fo"Debug\out.obj" /Fl"Debug\\" /W3 /errorReport:prompt  /Taout.asm
       Link:
         C:\Program Files\Microsoft Visual Studio\2022\Community\VC\Tools\MSVC\14.38.33130\bin\HostX86\x86\link.exe /ERRORREPORT:PROMPT /OUT:"D:\Денис\3 сем\КПО\MDA-2024\Debug\Assembler.exe" /INCREMENTAL /ILK:"Debug\Assembler.ilk" /NOLOGO kernel32.lib user32.lib gdi32.lib winspool.lib comdlg32.lib advapi32.lib shell32.lib ole32.lib oleaut32.lib uuid.lib odbc32.lib odbccp32.lib /MANIFEST /MANIFESTUAC:"level='asInvoker' uiAccess='false'" /manifest:embed /DEBUG /PDB:"D:\Денис\3 сем\КПО\MDA-2024\Debug\Assembler.pdb" /SUBSYSTEM:CONSOLE /TLBID:1 /DYNAMICBASE /NXCOMPAT /IMPLIB:"D:\Денис\3 сем\КПО\MDA-2024\Debug\Assembler.lib" /MACHINE:X86 Debug\out.obj
         Assembler.vcxproj -> D:\Денис\3 сем\КПО\MDA-2024\Debug\Assembler.exe
       FinalizeBuildStatus:
         Файл "Debug\Assembler.tlog\unsuccessfulbuild" удаляется.
         Обращение к "Debug\Assembler.tlog\Assembler.lastbuildstate".
     1>Сборка проекта "D:\Денис\3 сем\КПО\MDA-2024\Assembler\Assembler.vcxproj" завершена (целевые объекты Build).

Сборка успешно завершена.
    Предупреждений: 0
    Ошибок: 0

Прошло времени 00:00:00.77
